<?xml version="1.0" encoding="UTF-8"?>
<testng-results ignored="0" total="5" passed="5" failed="0" skipped="0">
  <reporter-output>
  </reporter-output>
  <suite started-at="2023-06-25T18:28:58 IST" name="Default suite" finished-at="2023-06-25T18:28:58 IST" duration-ms="60">
    <groups>
    </groups>
    <test started-at="2023-06-25T18:28:58 IST" name="Default test" finished-at="2023-06-25T18:28:58 IST" duration-ms="60">
      <class name="TestNG.NewTest">
        <test-method is-config="true" signature="beforeMethod()[pri:0, instance:TestNG.NewTest@644baf4a]" started-at="2023-06-25T18:28:58 IST" name="beforeMethod" finished-at="2023-06-25T18:28:58 IST" duration-ms="5" status="PASS">
          <reporter-output>
          </reporter-output>
        </test-method> <!-- beforeMethod -->
        <test-method signature="AddAddress()[pri:0, instance:TestNG.NewTest@644baf4a]" started-at="2023-06-25T18:28:58 IST" name="AddAddress" finished-at="2023-06-25T18:28:58 IST" duration-ms="5" status="PASS">
          <reporter-output>
          </reporter-output>
        </test-method> <!-- AddAddress -->
        <test-method is-config="true" signature="afterMethod()[pri:0, instance:TestNG.NewTest@644baf4a]" started-at="2023-06-25T18:28:58 IST" name="afterMethod" finished-at="2023-06-25T18:28:58 IST" duration-ms="0" status="PASS">
          <reporter-output>
          </reporter-output>
        </test-method> <!-- afterMethod -->
        <test-method signature="AddAge()[pri:0, instance:TestNG.NewTest@644baf4a]" started-at="2023-06-25T18:28:58 IST" name="AddAge" finished-at="2023-06-25T18:28:58 IST" duration-ms="1" status="PASS">
          <reporter-output>
          </reporter-output>
        </test-method> <!-- AddAge -->
        <test-method is-config="true" signature="beforeMethod()[pri:0, instance:TestNG.NewTest@644baf4a]" started-at="2023-06-25T18:28:58 IST" name="beforeMethod" finished-at="2023-06-25T18:28:58 IST" duration-ms="0" status="PASS">
          <reporter-output>
          </reporter-output>
        </test-method> <!-- beforeMethod -->
        <test-method is-config="true" signature="afterMethod()[pri:0, instance:TestNG.NewTest@644baf4a]" started-at="2023-06-25T18:28:58 IST" name="afterMethod" finished-at="2023-06-25T18:28:58 IST" duration-ms="0" status="PASS">
          <reporter-output>
          </reporter-output>
        </test-method> <!-- afterMethod -->
        <test-method signature="AddName()[pri:0, instance:TestNG.NewTest@644baf4a]" started-at="2023-06-25T18:28:58 IST" name="AddName" finished-at="2023-06-25T18:28:58 IST" duration-ms="1" status="PASS">
          <reporter-output>
          </reporter-output>
        </test-method> <!-- AddName -->
        <test-method is-config="true" signature="beforeMethod()[pri:0, instance:TestNG.NewTest@644baf4a]" started-at="2023-06-25T18:28:58 IST" name="beforeMethod" finished-at="2023-06-25T18:28:58 IST" duration-ms="0" status="PASS">
          <reporter-output>
          </reporter-output>
        </test-method> <!-- beforeMethod -->
        <test-method is-config="true" signature="afterMethod()[pri:0, instance:TestNG.NewTest@644baf4a]" started-at="2023-06-25T18:28:58 IST" name="afterMethod" finished-at="2023-06-25T18:28:58 IST" duration-ms="2" status="PASS">
          <reporter-output>
          </reporter-output>
        </test-method> <!-- afterMethod -->
        <test-method signature="Registration()[pri:0, instance:TestNG.NewTest@644baf4a]" started-at="2023-06-25T18:28:58 IST" name="Registration" finished-at="2023-06-25T18:28:58 IST" duration-ms="2" status="PASS">
          <reporter-output>
          </reporter-output>
        </test-method> <!-- Registration -->
        <test-method is-config="true" signature="beforeMethod()[pri:0, instance:TestNG.NewTest@644baf4a]" started-at="2023-06-25T18:28:58 IST" name="beforeMethod" finished-at="2023-06-25T18:28:58 IST" duration-ms="0" status="PASS">
          <reporter-output>
          </reporter-output>
        </test-method> <!-- beforeMethod -->
        <test-method is-config="true" signature="afterMethod()[pri:0, instance:TestNG.NewTest@644baf4a]" started-at="2023-06-25T18:28:58 IST" name="afterMethod" finished-at="2023-06-25T18:28:58 IST" duration-ms="0" status="PASS">
          <reporter-output>
          </reporter-output>
        </test-method> <!-- afterMethod -->
        <test-method is-config="true" signature="beforeMethod()[pri:0, instance:TestNG.NewTest@644baf4a]" started-at="2023-06-25T18:28:58 IST" name="beforeMethod" finished-at="2023-06-25T18:28:58 IST" duration-ms="1" status="PASS">
          <reporter-output>
          </reporter-output>
        </test-method> <!-- beforeMethod -->
        <test-method signature="AddPhone()[pri:1, instance:TestNG.NewTest@644baf4a]" started-at="2023-06-25T18:28:58 IST" name="AddPhone" finished-at="2023-06-25T18:28:58 IST" duration-ms="1" status="PASS">
          <reporter-output>
          </reporter-output>
        </test-method> <!-- AddPhone -->
        <test-method is-config="true" signature="afterMethod()[pri:0, instance:TestNG.NewTest@644baf4a]" started-at="2023-06-25T18:28:58 IST" name="afterMethod" finished-at="2023-06-25T18:28:58 IST" duration-ms="0" status="PASS">
          <reporter-output>
          </reporter-output>
        </test-method> <!-- afterMethod -->
      </class> <!-- TestNG.NewTest -->
    </test> <!-- Default test -->
  </suite> <!-- Default suite -->
</testng-results>
