<?xml version="1.0" encoding="UTF-8"?>
<testng-results ignored="0" total="1" passed="1" failed="0" skipped="0">
  <reporter-output>
  </reporter-output>
  <suite started-at="2023-06-28T18:31:46 IST" name="Default suite" finished-at="2023-06-28T18:31:46 IST" duration-ms="56">
    <groups>
    </groups>
    <test started-at="2023-06-28T18:31:46 IST" name="Default test" finished-at="2023-06-28T18:31:46 IST" duration-ms="56">
      <class name="TestNG.NewTest4">
        <test-method is-config="true" signature="beforeMethod()[pri:0, instance:TestNG.NewTest4@f0c8a99]" started-at="2023-06-28T18:31:46 IST" name="beforeMethod" finished-at="2023-06-28T18:31:46 IST" duration-ms="6" status="PASS">
          <reporter-output>
          </reporter-output>
        </test-method> <!-- beforeMethod -->
        <test-method signature="f()[pri:0, instance:TestNG.NewTest4@f0c8a99]" started-at="2023-06-28T18:31:46 IST" name="f" finished-at="2023-06-28T18:31:46 IST" duration-ms="8" status="PASS">
          <reporter-output>
          </reporter-output>
        </test-method> <!-- f -->
        <test-method is-config="true" signature="afterMethod()[pri:0, instance:TestNG.NewTest4@f0c8a99]" started-at="2023-06-28T18:31:46 IST" name="afterMethod" finished-at="2023-06-28T18:31:46 IST" duration-ms="0" status="PASS">
          <reporter-output>
          </reporter-output>
        </test-method> <!-- afterMethod -->
      </class> <!-- TestNG.NewTest4 -->
    </test> <!-- Default test -->
  </suite> <!-- Default suite -->
</testng-results>
