<?xml version="1.0" encoding="UTF-8"?>
<!-- Generated by org.testng.reporters.JUnitXMLReporter -->
<testsuite ignored="0" hostname="LAPTOP-OM1LTAVI" failures="0" tests="5" name="Default test" time="0.06" errors="0" timestamp="2023-06-25T18:28:58 IST">
  <testcase classname="TestNG.NewTest" name="AddAddress" time="0.005"/>
  <testcase classname="TestNG.NewTest" name="AddAge" time="0.001"/>
  <testcase classname="TestNG.NewTest" name="AddName" time="0.001"/>
  <testcase classname="TestNG.NewTest" name="Registration" time="0.002"/>
  <testcase classname="TestNG.NewTest" name="AddPhone" time="0.001"/>
</testsuite> <!-- Default test -->
